<?xml version="1.0"?>
<testsuites>
  <testsuite name="PhantomJS 1.9.7 (Mac OS X)" package="" timestamp="2014-05-23T10:57:30" id="0" hostname="Roberto.local" tests="11" errors="0" failures="0" time="2.15">
    <properties>
      <property name="browser.fullName" value="Mozilla/5.0 (Macintosh; Intel Mac OS X) AppleWebKit/534.34 (KHTML, like Gecko) PhantomJS/1.9.7 Safari/534.34"/>
    </properties>
    <testcase name="should produce 6 menu items" time="0.082" classname="PhantomJS 1.9.7 (Mac OS X).The publicMenu directive template"/>
    <testcase name="should have &apos;item-nav-hover&apos; class" time="0.026" classname="PhantomJS 1.9.7 (Mac OS X).The publicMenu directive template"/>
    <testcase name="should have &apos;item-nav-hover&apos; class" time="1.637" classname="PhantomJS 1.9.7 (Mac OS X).The publicSubmenu directive template"/>
    <testcase name="should have 3 items and total and subtotal equals 87" time="0.052" classname="PhantomJS 1.9.7 (Mac OS X).The cart directive template"/>
    <testcase name="should have 2 item and total and subtotal equals 58" time="0.056" classname="PhantomJS 1.9.7 (Mac OS X).The cart directive template"/>
    <testcase name="should have 0 items and total and subtotal equals 0" time="0.045" classname="PhantomJS 1.9.7 (Mac OS X).The cart directive template"/>
    <testcase name="should have 1 item into table after apply name filter" time="0.072" classname="PhantomJS 1.9.7 (Mac OS X).The catalog table directive template"/>
    <testcase name="should have 1 item into table after apply volatility filter" time="0.053" classname="PhantomJS 1.9.7 (Mac OS X).The catalog table directive template"/>
    <testcase name="should have 3 selectors" time="0.071" classname="PhantomJS 1.9.7 (Mac OS X).The carousel directive template"/>
    <testcase name="should have 2 text container" time="0.034" classname="PhantomJS 1.9.7 (Mac OS X).The homeText directive template"/>
    <testcase name="test - SIGNUP" time="0.022" classname="PhantomJS 1.9.7 (Mac OS X).General Test Sign Up Steps"/>
    <system-out><![CDATA[
]]></system-out>
    <system-err/>
  </testsuite>
</testsuites>
