<?xml version="1.0"?>
<testsuites>
  <testsuite name="PhantomJS 1.9.7 (Mac OS X)" package="" timestamp="2014-05-27T11:16:16" id="0" hostname="Roberto.local" tests="18" errors="0" failures="0" time="1.194">
    <properties>
      <property name="browser.fullName" value="Mozilla/5.0 (Macintosh; Intel Mac OS X) AppleWebKit/534.34 (KHTML, like Gecko) PhantomJS/1.9.7 Safari/534.34"/>
    </properties>
    <testcase name="should produce 6 menu items" time="0.049" classname="PhantomJS 1.9.7 (Mac OS X).The publicMenu directive template"/>
    <testcase name="should have &apos;item-nav-hover&apos; class" time="0.013" classname="PhantomJS 1.9.7 (Mac OS X).The publicMenu directive template"/>
    <testcase name="should have &apos;item-nav-hover&apos; class" time="0.695" classname="PhantomJS 1.9.7 (Mac OS X).The publicSubmenu directive template"/>
    <testcase name="should have 3 items and total and subtotal equals 87" time="0.042" classname="PhantomJS 1.9.7 (Mac OS X).The cart directive template"/>
    <testcase name="should have 2 item and total and subtotal equals 58" time="0.023" classname="PhantomJS 1.9.7 (Mac OS X).The cart directive template"/>
    <testcase name="should have 0 items and total and subtotal equals 0" time="0.028" classname="PhantomJS 1.9.7 (Mac OS X).The cart directive template"/>
    <testcase name="should have 1 item into table after apply name filter" time="0.051" classname="PhantomJS 1.9.7 (Mac OS X).The catalog table directive template"/>
    <testcase name="should have 1 item into table after apply volatility filter (&lt;25)" time="0.029" classname="PhantomJS 1.9.7 (Mac OS X).The catalog table directive template"/>
    <testcase name="should have 1 item into table after apply volatility filter (&gt;25&lt;50)" time="0.03" classname="PhantomJS 1.9.7 (Mac OS X).The catalog table directive template"/>
    <testcase name="should have 1 item into table after apply volatility filter (&gt;50&lt;75)" time="0.051" classname="PhantomJS 1.9.7 (Mac OS X).The catalog table directive template"/>
    <testcase name="should have 1 item into table after apply volatility filter (&gt;75)" time="0.032" classname="PhantomJS 1.9.7 (Mac OS X).The catalog table directive template"/>
    <testcase name="should have 3 selectors" time="0.02" classname="PhantomJS 1.9.7 (Mac OS X).The carousel directive template"/>
    <testcase name="should have 2 text container" time="0.02" classname="PhantomJS 1.9.7 (Mac OS X).The homeText directive template"/>
    <testcase name="should have 1 item per table" time="0.039" classname="PhantomJS 1.9.7 (Mac OS X).The homeTablePack template"/>
    <testcase name="should have the correct url of google" time="0.034" classname="PhantomJS 1.9.7 (Mac OS X).The search external catalog template"/>
    <testcase name="should have the correct url of yahoo" time="0.012" classname="PhantomJS 1.9.7 (Mac OS X).The search external catalog template"/>
    <testcase name="should have the correct url of bloomberg" time="0.012" classname="PhantomJS 1.9.7 (Mac OS X).The search external catalog template"/>
    <testcase name="test - SIGNUP" time="0.014" classname="PhantomJS 1.9.7 (Mac OS X).General Test Sign Up Steps"/>
    <system-out><![CDATA[
]]></system-out>
    <system-err/>
  </testsuite>
</testsuites>
