<?xml version="1.0"?>
<testsuites>
  <testsuite name="PhantomJS 1.9.7 (Linux)" package="" timestamp="2014-05-22T13:37:32" id="0" hostname="laura-Latitude-E6440" tests="11" errors="0" failures="0" time="2">
    <properties>
      <property name="browser.fullName" value="Mozilla/5.0 (Unknown; Linux x86_64) AppleWebKit/534.34 (KHTML, like Gecko) PhantomJS/1.9.7 Safari/534.34"/>
    </properties>
    <testcase name="should produce 6 menu items" time="0.058" classname="PhantomJS 1.9.7 (Linux).The publicMenu directive template"/>
    <testcase name="should have &apos;item-nav-hover&apos; class" time="0.025" classname="PhantomJS 1.9.7 (Linux).The publicMenu directive template"/>
    <testcase name="should have &apos;item-nav-hover&apos; class" time="1.528" classname="PhantomJS 1.9.7 (Linux).The publicSubmenu directive template"/>
    <testcase name="should have 3 items and total and subtotal equals 87" time="0.06" classname="PhantomJS 1.9.7 (Linux).The cart directive template"/>
    <testcase name="should have 2 item and total and subtotal equals 58" time="0.045" classname="PhantomJS 1.9.7 (Linux).The cart directive template"/>
    <testcase name="should have 0 items and total and subtotal equals 0" time="0.075" classname="PhantomJS 1.9.7 (Linux).The cart directive template"/>
    <testcase name="should have 1 item into table after apply name filter" time="0.083" classname="PhantomJS 1.9.7 (Linux).The catalog table directive template"/>
    <testcase name="should have 1 item into table after apply volatility filter" time="0.05" classname="PhantomJS 1.9.7 (Linux).The catalog table directive template"/>
    <testcase name="should have 3 selectors" time="0.029" classname="PhantomJS 1.9.7 (Linux).The carousel directive template"/>
    <testcase name="should have 2 text container" time="0.029" classname="PhantomJS 1.9.7 (Linux).The homeText directive template"/>
    <testcase name="test - SIGNUP" time="0.018" classname="PhantomJS 1.9.7 (Linux).General Test Sign Up Steps"/>
    <system-out><![CDATA[
]]></system-out>
    <system-err/>
  </testsuite>
</testsuites>
